<?xml version="1.0" encoding="UTF-8"?>
<!-- Generated by org.testng.reporters.JUnitReportReporter -->
<testsuite hostname="Vineet" failures="0" tests="1" name="JiraBugTest" time="111.011" errors="0" timestamp="2025-03-24T21:41:51 IST" skipped="0">
  <testcase classname="JiraBugTest" name="TestJira" time="111.011"/>
</testsuite> <!-- JiraBugTest -->
