<?xml version="1.0" encoding="UTF-8"?>
<!-- Generated by org.testng.reporters.JUnitReportReporter -->
<testsuite hostname="Vineet" failures="0" tests="1" name="FilePayload" time="3.258" errors="0" timestamp="2025-03-23T23:47:35 IST" skipped="0">
  <testcase classname="FilePayload" name="getFile" time="3.258"/>
</testsuite> <!-- FilePayload -->
