<?xml version="1.0" encoding="UTF-8"?>
<!-- Generated by org.testng.reporters.JUnitReportReporter -->
<testsuite hostname="Vineet" failures="0" tests="3" name="DynamicJson" time="6.791" errors="0" timestamp="2025-03-23T23:32:49 IST" skipped="0">
  <testcase classname="DynamicJson" name="addBook" time="0.251"/>
  <testcase classname="DynamicJson" name="addBook" time="6.282"/>
  <testcase classname="DynamicJson" name="addBook" time="0.258"/>
</testsuite> <!-- DynamicJson -->
